0 info it worked if it ends with ok
1 verbose cli [ 'node', '/usr/local/bin/npm', 'info', 'geos-major' ]
2 info using npm@1.3.8
3 info using node@v0.10.17
4 verbose url raw geos-major
5 verbose url resolving [ 'https://registry.npmjs.org/', './geos-major' ]
6 verbose url resolved https://registry.npmjs.org/geos-major
7 info trying registry request attempt 1 at 14:14:59
8 http GET https://registry.npmjs.org/geos-major
9 http 404 https://registry.npmjs.org/geos-major
10 silly registry.get cb [ 404,
10 silly registry.get   { server: 'CouchDB/1.3.1 (Erlang OTP/R15B03)',
10 silly registry.get     date: 'Wed, 28 Aug 2013 20:09:18 GMT',
10 silly registry.get     'content-type': 'application/json',
10 silly registry.get     'content-length': '52',
10 silly registry.get     'cache-control': 'must-revalidate' } ]
11 error 404 'geos-major' is not in the npm registry.
11 error 404 You should bug the author to publish it
11 error 404
11 error 404 Note that you can also install from a
11 error 404 tarball, folder, or http url, or git url.
12 error System Darwin 11.4.2
13 error command "node" "/usr/local/bin/npm" "info" "geos-major"
14 error cwd /Users/jimkalac/projects/geos-major
15 error node -v v0.10.17
16 error npm -v 1.3.8
17 error code E404
18 verbose exit [ 1, true ]
